<?xml version="1.0" encoding="UTF-8" standalone="yes"?>
<testsuites name="TestAddNewUser" time="39" tests="1" failures="0" errors="0">
    <testsuite name="TestAddNewUser" tests="1" failures="0" errors="0" time="39" timestamp="2019-08-14 21:15:39" hostname="gquispe - PRACTIAARNB909.pragmanet.local" id="Test Suites/TestAddNewUser">
        <properties>
[...]
</properties>
        <testcase name="Test Cases/AddUser" classname="Test Cases/AddUser" status="PASSED">
            <system-out>2019-08-14 21:15:52 - [TEST_CASE][PASSED] - Test Cases/AddUser: Test Cases/AddUser&#xD;
&#xD;
2019-08-14 21:15:52 - [TEST_STEP][PASSED] - website.Page_SignIn.login(username, password): website.Page_SignIn.login is PASSED&#xD;
&#xD;
2019-08-14 21:15:52 - [MESSAGE][PASSED] - Object 'Object Repository/Page_SingIn/input_email' is visible&#xD;
&#xD;
2019-08-14 21:15:52 - [MESSAGE][PASSED] - Taking screenshot successfully&#xD;
[[ATTACHMENT|C:\\Users\\gquispe\\Katalon Studio\\DummyLoginWebsite\\Reports\\TestAddNewUser\\20190814_211536\\1565828152497.png]]&#xD;
&#xD;
2019-08-14 21:15:52 - [MESSAGE][PASSED] - Text 'admin' is set on object 'Object Repository/Page_SingIn/input_email'&#xD;
&#xD;
2019-08-14 21:15:52 - [MESSAGE][PASSED] - Object 'Object Repository/Page_SingIn/input_password' is visible&#xD;
&#xD;
2019-08-14 21:15:52 - [MESSAGE][PASSED] - Taking screenshot successfully&#xD;
[[ATTACHMENT|C:\\Users\\gquispe\\Katalon Studio\\DummyLoginWebsite\\Reports\\TestAddNewUser\\20190814_211536\\1565828152671.png]]&#xD;
&#xD;
2019-08-14 21:15:52 - [MESSAGE][PASSED] - Text 'admin123' is set on object 'Object Repository/Page_SingIn/input_password'&#xD;
&#xD;
2019-08-14 21:15:52 - [MESSAGE][PASSED] - Taking screenshot successfully&#xD;
[[ATTACHMENT|C:\\Users\\gquispe\\Katalon Studio\\DummyLoginWebsite\\Reports\\TestAddNewUser\\20190814_211536\\1565828152766.png]]&#xD;
&#xD;
2019-08-14 21:15:52 - [MESSAGE][PASSED] - Object 'Object Repository/Page_SingIn/button_sing_in' is clickable&#xD;
&#xD;
2019-08-14 21:15:52 - [MESSAGE][PASSED] - Taking screenshot successfully&#xD;
[[ATTACHMENT|C:\\Users\\gquispe\\Katalon Studio\\DummyLoginWebsite\\Reports\\TestAddNewUser\\20190814_211536\\1565828152844.png]]&#xD;
&#xD;
2019-08-14 21:16:00 - [MESSAGE][PASSED] - Object: 'Object Repository/Page_SingIn/button_sing_in' is clicked on&#xD;
&#xD;
2019-08-14 21:16:00 - [MESSAGE][PASSED] - website.Page_SignIn.login is PASSED&#xD;
&#xD;
2019-08-14 21:16:00 - [TEST_STEP][PASSED] - website.SidePanel.selectOptionUsers(): website.SidePanel.selectOptionUsers is PASSED&#xD;
&#xD;
2019-08-14 21:16:00 - [MESSAGE][PASSED] - Object 'Object Repository/SidePanel/option_admin' is visible&#xD;
&#xD;
2019-08-14 21:16:00 - [MESSAGE][PASSED] - Taking screenshot successfully&#xD;
[[ATTACHMENT|C:\\Users\\gquispe\\Katalon Studio\\DummyLoginWebsite\\Reports\\TestAddNewUser\\20190814_211536\\1565828160105.png]]&#xD;
&#xD;
2019-08-14 21:16:00 - [MESSAGE][PASSED] - Object: 'Object Repository/SidePanel/option_admin' is clicked on&#xD;
&#xD;
2019-08-14 21:16:00 - [MESSAGE][PASSED] - Object 'Object Repository/SidePanel/option_user_management' is visible&#xD;
&#xD;
2019-08-14 21:16:00 - [MESSAGE][PASSED] - Taking screenshot successfully&#xD;
[[ATTACHMENT|C:\\Users\\gquispe\\Katalon Studio\\DummyLoginWebsite\\Reports\\TestAddNewUser\\20190814_211536\\1565828160482.png]]&#xD;
&#xD;
2019-08-14 21:16:00 - [MESSAGE][PASSED] - Object: 'Object Repository/SidePanel/option_user_management' is clicked on&#xD;
&#xD;
2019-08-14 21:16:00 - [MESSAGE][PASSED] - Taking screenshot successfully&#xD;
[[ATTACHMENT|C:\\Users\\gquispe\\Katalon Studio\\DummyLoginWebsite\\Reports\\TestAddNewUser\\20190814_211536\\1565828160790.png]]&#xD;
&#xD;
2019-08-14 21:16:00 - [MESSAGE][PASSED] - Object 'Object Repository/SidePanel/option_users' is visible&#xD;
&#xD;
2019-08-14 21:16:00 - [MESSAGE][PASSED] - Taking screenshot successfully&#xD;
[[ATTACHMENT|C:\\Users\\gquispe\\Katalon Studio\\DummyLoginWebsite\\Reports\\TestAddNewUser\\20190814_211536\\1565828160891.png]]&#xD;
&#xD;
2019-08-14 21:16:01 - [MESSAGE][PASSED] - Object: 'Object Repository/SidePanel/option_users' is clicked on&#xD;
&#xD;
2019-08-14 21:16:01 - [MESSAGE][PASSED] - website.SidePanel.selectOptionUsers is PASSED&#xD;
&#xD;
2019-08-14 21:16:01 - [TEST_STEP][PASSED] - website.Page_Users.clickAddButton(): website.Page_Users.clickAddButton is PASSED&#xD;
&#xD;
2019-08-14 21:16:11 - [MESSAGE][PASSED] - Object 'Object Repository/Page_Users/circle' is visible&#xD;
&#xD;
2019-08-14 21:16:11 - [MESSAGE][PASSED] - Taking screenshot successfully&#xD;
[[ATTACHMENT|C:\\Users\\gquispe\\Katalon Studio\\DummyLoginWebsite\\Reports\\TestAddNewUser\\20190814_211536\\1565828171244.png]]&#xD;
&#xD;
2019-08-14 21:16:11 - [MESSAGE][PASSED] - Object 'Object Repository/Page_Users/table_list_container' is visible&#xD;
&#xD;
2019-08-14 21:16:11 - [MESSAGE][PASSED] - Taking screenshot successfully&#xD;
[[ATTACHMENT|C:\\Users\\gquispe\\Katalon Studio\\DummyLoginWebsite\\Reports\\TestAddNewUser\\20190814_211536\\1565828171351.png]]&#xD;
&#xD;
2019-08-14 21:16:11 - [MESSAGE][PASSED] - Object 'Object Repository/Page_Users/button_add_new' is visible&#xD;
&#xD;
2019-08-14 21:16:11 - [MESSAGE][PASSED] - Taking screenshot successfully&#xD;
[[ATTACHMENT|C:\\Users\\gquispe\\Katalon Studio\\DummyLoginWebsite\\Reports\\TestAddNewUser\\20190814_211536\\1565828171443.png]]&#xD;
&#xD;
2019-08-14 21:16:11 - [MESSAGE][PASSED] - Object 'Object Repository/Page_Users/button_add_new' is clickable&#xD;
&#xD;
2019-08-14 21:16:11 - [MESSAGE][PASSED] - Object: 'Object Repository/Page_Users/button_add_new' is clicked on&#xD;
&#xD;
2019-08-14 21:16:11 - [MESSAGE][PASSED] - website.Page_Users.clickAddButton is PASSED&#xD;
&#xD;
2019-08-14 21:16:11 - [TEST_STEP][PASSED] - website.Page_AddUser.enterData(employee, newUsername, role, supervisor, adminRole, status, newPassword, confirmPassword): website.Page_AddUser.enterData is PASSED&#xD;
&#xD;
2019-08-14 21:16:13 - [MESSAGE][PASSED] - Object 'Object Repository/Page_NewUsers/input_username' is visible&#xD;
&#xD;
2019-08-14 21:16:13 - [MESSAGE][PASSED] - Taking screenshot successfully&#xD;
[[ATTACHMENT|C:\\Users\\gquispe\\Katalon Studio\\DummyLoginWebsite\\Reports\\TestAddNewUser\\20190814_211536\\1565828173405.png]]&#xD;
&#xD;
2019-08-14 21:16:13 - [MESSAGE][PASSED] - Text 'Greg Fisher' is set on object 'Object Repository/Page_NewUsers/input_empoyee'&#xD;
&#xD;
2019-08-14 21:16:13 - [MESSAGE][PASSED] - Text 'TestGreg00' is set on object 'Object Repository/Page_NewUsers/input_username'&#xD;
&#xD;
2019-08-14 21:16:14 - [MESSAGE][PASSED] - Text 'password123' is set on object 'Object Repository/Page_NewUsers/input_password'&#xD;
&#xD;
2019-08-14 21:16:14 - [MESSAGE][PASSED] - Text 'password123' is set on object 'Object Repository/Page_NewUsers/input_confirmPassword'&#xD;
&#xD;
2019-08-14 21:16:15 - [MESSAGE][PASSED] - Object: 'Object Repository/Page_NewUsers/dropdown_role' is clicked on&#xD;
&#xD;
2019-08-14 21:16:15 - [MESSAGE][PASSED] - Object: '' is clicked on&#xD;
&#xD;
2019-08-14 21:16:15 - [MESSAGE][PASSED] - Object: 'Object Repository/Page_NewUsers/dropdown_supervisor' is clicked on&#xD;
&#xD;
2019-08-14 21:16:15 - [MESSAGE][PASSED] - Object: '' is clicked on&#xD;
&#xD;
2019-08-14 21:16:16 - [MESSAGE][PASSED] - Object: 'Object Repository/Page_NewUsers/dropdown_admin' is clicked on&#xD;
&#xD;
2019-08-14 21:16:16 - [MESSAGE][PASSED] - Object: '' is clicked on&#xD;
&#xD;
2019-08-14 21:16:16 - [MESSAGE][PASSED] - Object: 'Object Repository/Page_NewUsers/dropdown_status' is clicked on&#xD;
&#xD;
2019-08-14 21:16:16 - [MESSAGE][PASSED] - Object: '' is clicked on&#xD;
&#xD;
2019-08-14 21:16:16 - [MESSAGE][PASSED] - Taking screenshot successfully&#xD;
[[ATTACHMENT|C:\\Users\\gquispe\\Katalon Studio\\DummyLoginWebsite\\Reports\\TestAddNewUser\\20190814_211536\\1565828176855.png]]&#xD;
&#xD;
2019-08-14 21:16:17 - [MESSAGE][PASSED] - Object: 'Object Repository/Page_NewUsers/button_new_user' is clicked on&#xD;
&#xD;
2019-08-14 21:16:17 - [MESSAGE][PASSED] - website.Page_AddUser.enterData is PASSED&#xD;
&#xD;
2019-08-14 21:16:17 - [TEST_STEP][PASSED] - website.Page_Users.verifyNewUserAdded(newUsername): website.Page_Users.verifyNewUserAdded is PASSED&#xD;
&#xD;
2019-08-14 21:16:17 - [MESSAGE][PASSED] - Taking screenshot successfully&#xD;
[[ATTACHMENT|C:\\Users\\gquispe\\Katalon Studio\\DummyLoginWebsite\\Reports\\TestAddNewUser\\20190814_211536\\1565828177226.png]]&#xD;
&#xD;
2019-08-14 21:16:18 - [MESSAGE][PASSED] - Object '' is visible&#xD;
&#xD;
2019-08-14 21:16:18 - [MESSAGE][PASSED] - Taking screenshot successfully&#xD;
[[ATTACHMENT|C:\\Users\\gquispe\\Katalon Studio\\DummyLoginWebsite\\Reports\\TestAddNewUser\\20190814_211536\\1565828178340.png]]&#xD;
&#xD;
2019-08-14 21:16:18 - [MESSAGE][PASSED] - website.Page_Users.verifyNewUserAdded is PASSED</system-out>
            <system-err></system-err>
        </testcase>
        <system-out>2019-08-14 21:15:39 - [TEST_SUITE][INCOMPLETE] - TestAddNewUser: null</system-out>
        <system-err>2019-08-14 21:15:39 - [TEST_SUITE][INCOMPLETE] - TestAddNewUser: null</system-err>
    </testsuite>
</testsuites>
