<?xml version="1.0" encoding="UTF-8" standalone="yes"?>
<testsuites name="TestAddNewUser" time="34" tests="1" failures="0" errors="0">
    <testsuite name="TestAddNewUser" tests="1" failures="0" errors="0" time="34" timestamp="2019-08-14 02:38:25" hostname="gquispe - PRACTIAARNB909.pragmanet.local" id="Test Suites/TestAddNewUser">
        <properties>
[...]
</properties>
        <testcase name="Test Cases/AddUser" classname="Test Cases/AddUser" status="PASSED">
            <system-out>2019-08-14 02:38:34 - [TEST_CASE][PASSED] - Test Cases/AddUser: Test Cases/AddUser&#xD;
&#xD;
2019-08-14 02:38:34 - [TEST_STEP][PASSED] - website.Page_SignIn.login(username, password): website.Page_SignIn.login is PASSED&#xD;
&#xD;
2019-08-14 02:38:34 - [MESSAGE][PASSED] - Object 'Object Repository/Page_SingIn/input_email' is visible&#xD;
&#xD;
2019-08-14 02:38:34 - [MESSAGE][PASSED] - Taking screenshot successfully&#xD;
[[ATTACHMENT|C:\\Users\\gquispe\\Katalon Studio\\DummyLoginWebsite\\Reports\\TestAddNewUser\\20190814_023823\\1565761114648.png]]&#xD;
&#xD;
2019-08-14 02:38:34 - [MESSAGE][PASSED] - Text 'admin' is set on object 'Object Repository/Page_SingIn/input_email'&#xD;
&#xD;
2019-08-14 02:38:34 - [MESSAGE][PASSED] - Object 'Object Repository/Page_SingIn/input_password' is visible&#xD;
&#xD;
2019-08-14 02:38:34 - [MESSAGE][PASSED] - Taking screenshot successfully&#xD;
[[ATTACHMENT|C:\\Users\\gquispe\\Katalon Studio\\DummyLoginWebsite\\Reports\\TestAddNewUser\\20190814_023823\\1565761114823.png]]&#xD;
&#xD;
2019-08-14 02:38:34 - [MESSAGE][PASSED] - Text 'admin123' is set on object 'Object Repository/Page_SingIn/input_password'&#xD;
&#xD;
2019-08-14 02:38:34 - [MESSAGE][PASSED] - Taking screenshot successfully&#xD;
[[ATTACHMENT|C:\\Users\\gquispe\\Katalon Studio\\DummyLoginWebsite\\Reports\\TestAddNewUser\\20190814_023823\\1565761114911.png]]&#xD;
&#xD;
2019-08-14 02:38:34 - [MESSAGE][PASSED] - Object 'Object Repository/Page_SingIn/button_sing_in' is clickable&#xD;
&#xD;
2019-08-14 02:38:35 - [MESSAGE][PASSED] - Taking screenshot successfully&#xD;
[[ATTACHMENT|C:\\Users\\gquispe\\Katalon Studio\\DummyLoginWebsite\\Reports\\TestAddNewUser\\20190814_023823\\1565761114987.png]]&#xD;
&#xD;
2019-08-14 02:38:40 - [MESSAGE][PASSED] - Object: 'Object Repository/Page_SingIn/button_sing_in' is clicked on&#xD;
&#xD;
2019-08-14 02:38:40 - [MESSAGE][PASSED] - website.Page_SignIn.login is PASSED&#xD;
&#xD;
2019-08-14 02:38:40 - [TEST_STEP][PASSED] - website.SidePanel.selectOptionUsers(): website.SidePanel.selectOptionUsers is PASSED&#xD;
&#xD;
2019-08-14 02:38:40 - [MESSAGE][PASSED] - Object 'Object Repository/SidePanel/option_admin' is visible&#xD;
&#xD;
2019-08-14 02:38:40 - [MESSAGE][PASSED] - Taking screenshot successfully&#xD;
[[ATTACHMENT|C:\\Users\\gquispe\\Katalon Studio\\DummyLoginWebsite\\Reports\\TestAddNewUser\\20190814_023823\\1565761120940.png]]&#xD;
&#xD;
2019-08-14 02:38:41 - [MESSAGE][PASSED] - Object: 'Object Repository/SidePanel/option_admin' is clicked on&#xD;
&#xD;
2019-08-14 02:38:41 - [MESSAGE][PASSED] - Object 'Object Repository/SidePanel/option_user_management' is visible&#xD;
&#xD;
2019-08-14 02:38:41 - [MESSAGE][PASSED] - Taking screenshot successfully&#xD;
[[ATTACHMENT|C:\\Users\\gquispe\\Katalon Studio\\DummyLoginWebsite\\Reports\\TestAddNewUser\\20190814_023823\\1565761121309.png]]&#xD;
&#xD;
2019-08-14 02:38:41 - [MESSAGE][PASSED] - Object: 'Object Repository/SidePanel/option_user_management' is clicked on&#xD;
&#xD;
2019-08-14 02:38:41 - [MESSAGE][PASSED] - Taking screenshot successfully&#xD;
[[ATTACHMENT|C:\\Users\\gquispe\\Katalon Studio\\DummyLoginWebsite\\Reports\\TestAddNewUser\\20190814_023823\\1565761121618.png]]&#xD;
&#xD;
2019-08-14 02:38:41 - [MESSAGE][PASSED] - Object 'Object Repository/SidePanel/option_users' is visible&#xD;
&#xD;
2019-08-14 02:38:41 - [MESSAGE][PASSED] - Taking screenshot successfully&#xD;
[[ATTACHMENT|C:\\Users\\gquispe\\Katalon Studio\\DummyLoginWebsite\\Reports\\TestAddNewUser\\20190814_023823\\1565761121743.png]]&#xD;
&#xD;
2019-08-14 02:38:42 - [MESSAGE][PASSED] - Object: 'Object Repository/SidePanel/option_users' is clicked on&#xD;
&#xD;
2019-08-14 02:38:42 - [MESSAGE][PASSED] - website.SidePanel.selectOptionUsers is PASSED&#xD;
&#xD;
2019-08-14 02:38:42 - [TEST_STEP][PASSED] - website.Page_Users.clickAddButton(): website.Page_Users.clickAddButton is PASSED&#xD;
&#xD;
2019-08-14 02:38:52 - [MESSAGE][PASSED] - Object 'Object Repository/Page_Users/circle' is visible&#xD;
&#xD;
2019-08-14 02:38:52 - [MESSAGE][PASSED] - Taking screenshot successfully&#xD;
[[ATTACHMENT|C:\\Users\\gquispe\\Katalon Studio\\DummyLoginWebsite\\Reports\\TestAddNewUser\\20190814_023823\\1565761132369.png]]&#xD;
&#xD;
2019-08-14 02:38:52 - [MESSAGE][PASSED] - Object 'Object Repository/Page_Users/table_list_container' is visible&#xD;
&#xD;
2019-08-14 02:38:52 - [MESSAGE][PASSED] - Taking screenshot successfully&#xD;
[[ATTACHMENT|C:\\Users\\gquispe\\Katalon Studio\\DummyLoginWebsite\\Reports\\TestAddNewUser\\20190814_023823\\1565761132466.png]]&#xD;
&#xD;
2019-08-14 02:38:52 - [MESSAGE][PASSED] - Object 'Object Repository/Page_Users/button_add_new' is visible&#xD;
&#xD;
2019-08-14 02:38:52 - [MESSAGE][PASSED] - Taking screenshot successfully&#xD;
[[ATTACHMENT|C:\\Users\\gquispe\\Katalon Studio\\DummyLoginWebsite\\Reports\\TestAddNewUser\\20190814_023823\\1565761132564.png]]&#xD;
&#xD;
2019-08-14 02:38:52 - [MESSAGE][PASSED] - Object 'Object Repository/Page_Users/button_add_new' is clickable&#xD;
&#xD;
2019-08-14 02:38:52 - [MESSAGE][PASSED] - Object: 'Object Repository/Page_Users/button_add_new' is clicked on&#xD;
&#xD;
2019-08-14 02:38:52 - [MESSAGE][PASSED] - website.Page_Users.clickAddButton is PASSED&#xD;
&#xD;
2019-08-14 02:38:52 - [TEST_STEP][PASSED] - website.Page_AddUser.enterData(employee, newUsername, role, supervisor, adminRole, status, newPassword, confirmPassword): website.Page_AddUser.enterData is PASSED&#xD;
&#xD;
2019-08-14 02:38:54 - [MESSAGE][PASSED] - Object 'Object Repository/Page_NewUsers/input_username' is visible&#xD;
&#xD;
2019-08-14 02:38:54 - [MESSAGE][PASSED] - Taking screenshot successfully&#xD;
[[ATTACHMENT|C:\\Users\\gquispe\\Katalon Studio\\DummyLoginWebsite\\Reports\\TestAddNewUser\\20190814_023823\\1565761134512.png]]&#xD;
&#xD;
2019-08-14 02:38:54 - [MESSAGE][PASSED] - Text 'Greg Fisher' is set on object 'Object Repository/Page_NewUsers/input_empoyee'&#xD;
&#xD;
2019-08-14 02:38:55 - [MESSAGE][PASSED] - Text 'TestGreg00' is set on object 'Object Repository/Page_NewUsers/input_username'&#xD;
&#xD;
2019-08-14 02:38:55 - [MESSAGE][PASSED] - Text 'password123' is set on object 'Object Repository/Page_NewUsers/input_password'&#xD;
&#xD;
2019-08-14 02:38:55 - [MESSAGE][PASSED] - Text 'password123' is set on object 'Object Repository/Page_NewUsers/input_confirmPassword'&#xD;
&#xD;
2019-08-14 02:38:56 - [MESSAGE][PASSED] - Object: 'Object Repository/Page_NewUsers/dropdown_role' is clicked on&#xD;
&#xD;
2019-08-14 02:38:56 - [MESSAGE][PASSED] - Object: '' is clicked on&#xD;
&#xD;
2019-08-14 02:38:56 - [MESSAGE][PASSED] - Object: 'Object Repository/Page_NewUsers/dropdown_supervisor' is clicked on&#xD;
&#xD;
2019-08-14 02:38:56 - [MESSAGE][PASSED] - Object: '' is clicked on&#xD;
&#xD;
2019-08-14 02:38:57 - [MESSAGE][PASSED] - Object: 'Object Repository/Page_NewUsers/dropdown_admin' is clicked on&#xD;
&#xD;
2019-08-14 02:38:57 - [MESSAGE][PASSED] - Object: '' is clicked on&#xD;
&#xD;
2019-08-14 02:38:57 - [MESSAGE][PASSED] - Object: 'Object Repository/Page_NewUsers/dropdown_status' is clicked on&#xD;
&#xD;
2019-08-14 02:38:57 - [MESSAGE][PASSED] - Object: '' is clicked on&#xD;
&#xD;
2019-08-14 02:38:58 - [MESSAGE][PASSED] - Taking screenshot successfully&#xD;
[[ATTACHMENT|C:\\Users\\gquispe\\Katalon Studio\\DummyLoginWebsite\\Reports\\TestAddNewUser\\20190814_023823\\1565761137934.png]]&#xD;
&#xD;
2019-08-14 02:38:58 - [MESSAGE][PASSED] - Object: 'Object Repository/Page_NewUsers/button_new_user' is clicked on&#xD;
&#xD;
2019-08-14 02:38:58 - [MESSAGE][PASSED] - website.Page_AddUser.enterData is PASSED&#xD;
&#xD;
2019-08-14 02:38:58 - [TEST_STEP][PASSED] - website.Page_Users.verifyNewUserAdded(newUsername): website.Page_Users.verifyNewUserAdded is PASSED&#xD;
&#xD;
2019-08-14 02:38:58 - [MESSAGE][PASSED] - Taking screenshot successfully&#xD;
[[ATTACHMENT|C:\\Users\\gquispe\\Katalon Studio\\DummyLoginWebsite\\Reports\\TestAddNewUser\\20190814_023823\\1565761138310.png]]&#xD;
&#xD;
2019-08-14 02:38:59 - [MESSAGE][PASSED] - Object '' is visible&#xD;
&#xD;
2019-08-14 02:38:59 - [MESSAGE][PASSED] - Taking screenshot successfully&#xD;
[[ATTACHMENT|C:\\Users\\gquispe\\Katalon Studio\\DummyLoginWebsite\\Reports\\TestAddNewUser\\20190814_023823\\1565761139421.png]]&#xD;
&#xD;
2019-08-14 02:38:59 - [MESSAGE][PASSED] - website.Page_Users.verifyNewUserAdded is PASSED</system-out>
            <system-err></system-err>
        </testcase>
        <system-out>2019-08-14 02:38:25 - [TEST_SUITE][INCOMPLETE] - TestAddNewUser: null</system-out>
        <system-err>2019-08-14 02:38:25 - [TEST_SUITE][INCOMPLETE] - TestAddNewUser: null</system-err>
    </testsuite>
</testsuites>
