<?xml version="1.0" encoding="UTF-8" standalone="yes"?>
<testsuites name="TestAddNewUser" time="43" tests="1" failures="0" errors="0">
    <testsuite name="TestAddNewUser" tests="1" failures="0" errors="0" time="43" timestamp="2019-09-03 20:09:37" hostname="gquispe - PRACTIAARNB909.pragmanet.local" id="Test Suites/TestAddNewUser">
        <properties>
[...]
</properties>
        <testcase name="Test Cases/AddUser" classname="Test Cases/AddUser" status="PASSED">
            <system-out>2019-09-03 20:09:50 - [TEST_CASE][PASSED] - Test Cases/AddUser: Test Cases/AddUser&#xD;
&#xD;
2019-09-03 20:09:50 - [TEST_STEP][PASSED] - website.SignInPage.login(username, password): website.SignInPage.login is PASSED&#xD;
&#xD;
2019-09-03 20:09:50 - [MESSAGE][PASSED] - Object 'Object Repository/Page_SingIn/input_email' is visible&#xD;
&#xD;
2019-09-03 20:09:50 - [MESSAGE][PASSED] - Taking screenshot successfully&#xD;
[[ATTACHMENT|C:\\Users\\gquispe\\Katalon Studio\\DummyLoginWebsite\\Reports\\TestAddNewUser\\20190903_200934\\1567552190774.png]]&#xD;
&#xD;
2019-09-03 20:09:51 - [MESSAGE][PASSED] - Text 'admin' is set on object 'Object Repository/Page_SingIn/input_email'&#xD;
&#xD;
2019-09-03 20:09:51 - [MESSAGE][PASSED] - Object 'Object Repository/Page_SingIn/input_password' is visible&#xD;
&#xD;
2019-09-03 20:09:51 - [MESSAGE][PASSED] - Taking screenshot successfully&#xD;
[[ATTACHMENT|C:\\Users\\gquispe\\Katalon Studio\\DummyLoginWebsite\\Reports\\TestAddNewUser\\20190903_200934\\1567552191118.png]]&#xD;
&#xD;
2019-09-03 20:09:51 - [MESSAGE][PASSED] - Text 'admin123' is set on object 'Object Repository/Page_SingIn/input_password'&#xD;
&#xD;
2019-09-03 20:09:51 - [MESSAGE][PASSED] - Taking screenshot successfully&#xD;
[[ATTACHMENT|C:\\Users\\gquispe\\Katalon Studio\\DummyLoginWebsite\\Reports\\TestAddNewUser\\20190903_200934\\1567552191256.png]]&#xD;
&#xD;
2019-09-03 20:09:51 - [MESSAGE][PASSED] - Object 'Object Repository/Page_SingIn/button_sing_in' is clickable&#xD;
&#xD;
2019-09-03 20:09:51 - [MESSAGE][PASSED] - Taking screenshot successfully&#xD;
[[ATTACHMENT|C:\\Users\\gquispe\\Katalon Studio\\DummyLoginWebsite\\Reports\\TestAddNewUser\\20190903_200934\\1567552191359.png]]&#xD;
&#xD;
2019-09-03 20:10:00 - [MESSAGE][PASSED] - Object: 'Object Repository/Page_SingIn/button_sing_in' is clicked on&#xD;
&#xD;
2019-09-03 20:10:00 - [MESSAGE][PASSED] - website.SignInPage.login is PASSED&#xD;
&#xD;
2019-09-03 20:10:00 - [TEST_STEP][PASSED] - website.SidePanel.selectOptionUsers(): website.SidePanel.selectOptionUsers is PASSED&#xD;
&#xD;
2019-09-03 20:10:00 - [MESSAGE][PASSED] - Object 'Object Repository/SidePanel/option_admin' is visible&#xD;
&#xD;
2019-09-03 20:10:00 - [MESSAGE][PASSED] - Taking screenshot successfully&#xD;
[[ATTACHMENT|C:\\Users\\gquispe\\Katalon Studio\\DummyLoginWebsite\\Reports\\TestAddNewUser\\20190903_200934\\1567552200113.png]]&#xD;
&#xD;
2019-09-03 20:10:00 - [MESSAGE][PASSED] - Object: 'Object Repository/SidePanel/option_admin' is clicked on&#xD;
&#xD;
2019-09-03 20:10:00 - [MESSAGE][PASSED] - Object 'Object Repository/SidePanel/option_user_management' is visible&#xD;
&#xD;
2019-09-03 20:10:00 - [MESSAGE][PASSED] - Taking screenshot successfully&#xD;
[[ATTACHMENT|C:\\Users\\gquispe\\Katalon Studio\\DummyLoginWebsite\\Reports\\TestAddNewUser\\20190903_200934\\1567552200610.png]]&#xD;
&#xD;
2019-09-03 20:10:00 - [MESSAGE][PASSED] - Object: 'Object Repository/SidePanel/option_user_management' is clicked on&#xD;
&#xD;
2019-09-03 20:10:01 - [MESSAGE][PASSED] - Taking screenshot successfully&#xD;
[[ATTACHMENT|C:\\Users\\gquispe\\Katalon Studio\\DummyLoginWebsite\\Reports\\TestAddNewUser\\20190903_200934\\1567552200991.png]]&#xD;
&#xD;
2019-09-03 20:10:01 - [MESSAGE][PASSED] - Object 'Object Repository/SidePanel/option_users' is visible&#xD;
&#xD;
2019-09-03 20:10:01 - [MESSAGE][PASSED] - Taking screenshot successfully&#xD;
[[ATTACHMENT|C:\\Users\\gquispe\\Katalon Studio\\DummyLoginWebsite\\Reports\\TestAddNewUser\\20190903_200934\\1567552201134.png]]&#xD;
&#xD;
2019-09-03 20:10:01 - [MESSAGE][PASSED] - Object: 'Object Repository/SidePanel/option_users' is clicked on&#xD;
&#xD;
2019-09-03 20:10:01 - [MESSAGE][PASSED] - website.SidePanel.selectOptionUsers is PASSED&#xD;
&#xD;
2019-09-03 20:10:01 - [TEST_STEP][PASSED] - website.UsersPage.clickAddButton(): website.UsersPage.clickAddButton is PASSED&#xD;
&#xD;
2019-09-03 20:10:10 - [MESSAGE][PASSED] - Object 'Object Repository/Page_Users/circle' is visible&#xD;
&#xD;
2019-09-03 20:10:10 - [MESSAGE][PASSED] - Taking screenshot successfully&#xD;
[[ATTACHMENT|C:\\Users\\gquispe\\Katalon Studio\\DummyLoginWebsite\\Reports\\TestAddNewUser\\20190903_200934\\1567552210745.png]]&#xD;
&#xD;
2019-09-03 20:10:10 - [MESSAGE][PASSED] - Object 'Object Repository/Page_Users/table_list_container' is visible&#xD;
&#xD;
2019-09-03 20:10:10 - [MESSAGE][PASSED] - Taking screenshot successfully&#xD;
[[ATTACHMENT|C:\\Users\\gquispe\\Katalon Studio\\DummyLoginWebsite\\Reports\\TestAddNewUser\\20190903_200934\\1567552210869.png]]&#xD;
&#xD;
2019-09-03 20:10:11 - [MESSAGE][PASSED] - Object 'Object Repository/Page_Users/button_add_new' is visible&#xD;
&#xD;
2019-09-03 20:10:11 - [MESSAGE][PASSED] - Taking screenshot successfully&#xD;
[[ATTACHMENT|C:\\Users\\gquispe\\Katalon Studio\\DummyLoginWebsite\\Reports\\TestAddNewUser\\20190903_200934\\1567552211057.png]]&#xD;
&#xD;
2019-09-03 20:10:11 - [MESSAGE][PASSED] - Object 'Object Repository/Page_Users/button_add_new' is clickable&#xD;
&#xD;
2019-09-03 20:10:11 - [MESSAGE][PASSED] - Object: 'Object Repository/Page_Users/button_add_new' is clicked on&#xD;
&#xD;
2019-09-03 20:10:11 - [MESSAGE][PASSED] - website.UsersPage.clickAddButton is PASSED&#xD;
&#xD;
2019-09-03 20:10:11 - [TEST_STEP][PASSED] - website.AddUserPage.enterData(employee, newUsername, role, supervisor, adminRole, status, newPassword, confirmPassword): website.AddUserPage.enterData is PASSED&#xD;
&#xD;
2019-09-03 20:10:13 - [MESSAGE][PASSED] - Object 'Object Repository/Page_NewUsers/input_username' is visible&#xD;
&#xD;
2019-09-03 20:10:13 - [MESSAGE][PASSED] - Taking screenshot successfully&#xD;
[[ATTACHMENT|C:\\Users\\gquispe\\Katalon Studio\\DummyLoginWebsite\\Reports\\TestAddNewUser\\20190903_200934\\1567552213246.png]]&#xD;
&#xD;
2019-09-03 20:10:13 - [MESSAGE][PASSED] - Text 'Greg Fisher' is set on object 'Object Repository/Page_NewUsers/input_empoyee'&#xD;
&#xD;
2019-09-03 20:10:14 - [MESSAGE][PASSED] - Text 'TestGreg01' is set on object 'Object Repository/Page_NewUsers/input_username'&#xD;
&#xD;
2019-09-03 20:10:14 - [MESSAGE][PASSED] - Text 'password123' is set on object 'Object Repository/Page_NewUsers/input_password'&#xD;
&#xD;
2019-09-03 20:10:15 - [MESSAGE][PASSED] - Text 'password123' is set on object 'Object Repository/Page_NewUsers/input_confirmPassword'&#xD;
&#xD;
2019-09-03 20:10:16 - [MESSAGE][PASSED] - Object: 'Object Repository/Page_NewUsers/dropdown_role' is clicked on&#xD;
&#xD;
2019-09-03 20:10:16 - [MESSAGE][PASSED] - Object: '' is clicked on&#xD;
&#xD;
2019-09-03 20:10:16 - [MESSAGE][PASSED] - Object: 'Object Repository/Page_NewUsers/dropdown_supervisor' is clicked on&#xD;
&#xD;
2019-09-03 20:10:17 - [MESSAGE][PASSED] - Object: '' is clicked on&#xD;
&#xD;
2019-09-03 20:10:17 - [MESSAGE][PASSED] - Object: 'Object Repository/Page_NewUsers/dropdown_admin' is clicked on&#xD;
&#xD;
2019-09-03 20:10:17 - [MESSAGE][PASSED] - Object: '' is clicked on&#xD;
&#xD;
2019-09-03 20:10:18 - [MESSAGE][PASSED] - Object: 'Object Repository/Page_NewUsers/dropdown_status' is clicked on&#xD;
&#xD;
2019-09-03 20:10:18 - [MESSAGE][PASSED] - Object: '' is clicked on&#xD;
&#xD;
2019-09-03 20:10:18 - [MESSAGE][PASSED] - Taking screenshot successfully&#xD;
[[ATTACHMENT|C:\\Users\\gquispe\\Katalon Studio\\DummyLoginWebsite\\Reports\\TestAddNewUser\\20190903_200934\\1567552218447.png]]&#xD;
&#xD;
2019-09-03 20:10:18 - [MESSAGE][PASSED] - Object: 'Object Repository/Page_NewUsers/button_new_user' is clicked on&#xD;
&#xD;
2019-09-03 20:10:18 - [MESSAGE][PASSED] - website.AddUserPage.enterData is PASSED&#xD;
&#xD;
2019-09-03 20:10:18 - [TEST_STEP][PASSED] - website.UsersPage.verifyNewUserAdded(newUsername): website.UsersPage.verifyNewUserAdded is PASSED&#xD;
&#xD;
2019-09-03 20:10:19 - [MESSAGE][PASSED] - Taking screenshot successfully&#xD;
[[ATTACHMENT|C:\\Users\\gquispe\\Katalon Studio\\DummyLoginWebsite\\Reports\\TestAddNewUser\\20190903_200934\\1567552219029.png]]&#xD;
&#xD;
2019-09-03 20:10:20 - [MESSAGE][PASSED] - Object '' is visible&#xD;
&#xD;
2019-09-03 20:10:20 - [MESSAGE][PASSED] - Taking screenshot successfully&#xD;
[[ATTACHMENT|C:\\Users\\gquispe\\Katalon Studio\\DummyLoginWebsite\\Reports\\TestAddNewUser\\20190903_200934\\1567552220201.png]]&#xD;
&#xD;
2019-09-03 20:10:20 - [MESSAGE][PASSED] - website.UsersPage.verifyNewUserAdded is PASSED</system-out>
            <system-err></system-err>
        </testcase>
        <system-out>2019-09-03 20:09:37 - [TEST_SUITE][INCOMPLETE] - TestAddNewUser: null</system-out>
        <system-err>2019-09-03 20:09:37 - [TEST_SUITE][INCOMPLETE] - TestAddNewUser: null</system-err>
    </testsuite>
</testsuites>
