<?xml version="1.0" encoding="UTF-8" standalone="yes"?>
<testsuites name="TestAddNewUser" time="45" tests="1" failures="0" errors="0">
    <testsuite name="TestAddNewUser" tests="1" failures="0" errors="0" time="45" timestamp="2019-09-03 20:06:59" hostname="gquispe - PRACTIAARNB909.pragmanet.local" id="Test Suites/TestAddNewUser">
        <properties>
[...]
</properties>
        <testcase name="Test Cases/AddUser" classname="Test Cases/AddUser" status="PASSED">
            <system-out>2019-09-03 20:07:14 - [TEST_CASE][PASSED] - Test Cases/AddUser: Test Cases/AddUser&#xD;
&#xD;
2019-09-03 20:07:14 - [TEST_STEP][PASSED] - website.SignInPage2.login(username, password): website.SignInPage2.login is PASSED&#xD;
&#xD;
2019-09-03 20:07:14 - [MESSAGE][PASSED] - Object 'Object Repository/Page_SingIn/input_email' is visible&#xD;
&#xD;
2019-09-03 20:07:14 - [MESSAGE][PASSED] - Taking screenshot successfully&#xD;
[[ATTACHMENT|C:\\Users\\gquispe\\Katalon Studio\\DummyLoginWebsite\\Reports\\TestAddNewUser\\20190903_200657\\1567552034462.png]]&#xD;
&#xD;
2019-09-03 20:07:14 - [MESSAGE][PASSED] - Text 'admin' is set on object 'Object Repository/Page_SingIn/input_email'&#xD;
&#xD;
2019-09-03 20:07:14 - [MESSAGE][PASSED] - Object 'Object Repository/Page_SingIn/input_password' is visible&#xD;
&#xD;
2019-09-03 20:07:14 - [MESSAGE][PASSED] - Taking screenshot successfully&#xD;
[[ATTACHMENT|C:\\Users\\gquispe\\Katalon Studio\\DummyLoginWebsite\\Reports\\TestAddNewUser\\20190903_200657\\1567552034747.png]]&#xD;
&#xD;
2019-09-03 20:07:14 - [MESSAGE][PASSED] - Text 'admin123' is set on object 'Object Repository/Page_SingIn/input_password'&#xD;
&#xD;
2019-09-03 20:07:14 - [MESSAGE][PASSED] - Taking screenshot successfully&#xD;
[[ATTACHMENT|C:\\Users\\gquispe\\Katalon Studio\\DummyLoginWebsite\\Reports\\TestAddNewUser\\20190903_200657\\1567552034868.png]]&#xD;
&#xD;
2019-09-03 20:07:14 - [MESSAGE][PASSED] - Object 'Object Repository/Page_SingIn/button_sing_in' is clickable&#xD;
&#xD;
2019-09-03 20:07:15 - [MESSAGE][PASSED] - Taking screenshot successfully&#xD;
[[ATTACHMENT|C:\\Users\\gquispe\\Katalon Studio\\DummyLoginWebsite\\Reports\\TestAddNewUser\\20190903_200657\\1567552034982.png]]&#xD;
&#xD;
2019-09-03 20:07:22 - [MESSAGE][PASSED] - Object: 'Object Repository/Page_SingIn/button_sing_in' is clicked on&#xD;
&#xD;
2019-09-03 20:07:22 - [MESSAGE][PASSED] - website.SignInPage2.login is PASSED&#xD;
&#xD;
2019-09-03 20:07:22 - [TEST_STEP][PASSED] - website.SidePanel.selectOptionUsers(): website.SidePanel.selectOptionUsers is PASSED&#xD;
&#xD;
2019-09-03 20:07:22 - [MESSAGE][PASSED] - Object 'Object Repository/SidePanel/option_admin' is visible&#xD;
&#xD;
2019-09-03 20:07:22 - [MESSAGE][PASSED] - Taking screenshot successfully&#xD;
[[ATTACHMENT|C:\\Users\\gquispe\\Katalon Studio\\DummyLoginWebsite\\Reports\\TestAddNewUser\\20190903_200657\\1567552042192.png]]&#xD;
&#xD;
2019-09-03 20:07:22 - [MESSAGE][PASSED] - Object: 'Object Repository/SidePanel/option_admin' is clicked on&#xD;
&#xD;
2019-09-03 20:07:22 - [MESSAGE][PASSED] - Object 'Object Repository/SidePanel/option_user_management' is visible&#xD;
&#xD;
2019-09-03 20:07:22 - [MESSAGE][PASSED] - Taking screenshot successfully&#xD;
[[ATTACHMENT|C:\\Users\\gquispe\\Katalon Studio\\DummyLoginWebsite\\Reports\\TestAddNewUser\\20190903_200657\\1567552042726.png]]&#xD;
&#xD;
2019-09-03 20:07:23 - [MESSAGE][PASSED] - Object: 'Object Repository/SidePanel/option_user_management' is clicked on&#xD;
&#xD;
2019-09-03 20:07:23 - [MESSAGE][PASSED] - Taking screenshot successfully&#xD;
[[ATTACHMENT|C:\\Users\\gquispe\\Katalon Studio\\DummyLoginWebsite\\Reports\\TestAddNewUser\\20190903_200657\\1567552043121.png]]&#xD;
&#xD;
2019-09-03 20:07:23 - [MESSAGE][PASSED] - Object 'Object Repository/SidePanel/option_users' is visible&#xD;
&#xD;
2019-09-03 20:07:23 - [MESSAGE][PASSED] - Taking screenshot successfully&#xD;
[[ATTACHMENT|C:\\Users\\gquispe\\Katalon Studio\\DummyLoginWebsite\\Reports\\TestAddNewUser\\20190903_200657\\1567552043360.png]]&#xD;
&#xD;
2019-09-03 20:07:24 - [MESSAGE][PASSED] - Object: 'Object Repository/SidePanel/option_users' is clicked on&#xD;
&#xD;
2019-09-03 20:07:24 - [MESSAGE][PASSED] - website.SidePanel.selectOptionUsers is PASSED&#xD;
&#xD;
2019-09-03 20:07:24 - [TEST_STEP][PASSED] - website.UsersPage.clickAddButton(): website.UsersPage.clickAddButton is PASSED&#xD;
&#xD;
2019-09-03 20:07:34 - [MESSAGE][PASSED] - Object 'Object Repository/Page_Users/circle' is visible&#xD;
&#xD;
2019-09-03 20:07:34 - [MESSAGE][PASSED] - Taking screenshot successfully&#xD;
[[ATTACHMENT|C:\\Users\\gquispe\\Katalon Studio\\DummyLoginWebsite\\Reports\\TestAddNewUser\\20190903_200657\\1567552054298.png]]&#xD;
&#xD;
2019-09-03 20:07:34 - [MESSAGE][PASSED] - Object 'Object Repository/Page_Users/table_list_container' is visible&#xD;
&#xD;
2019-09-03 20:07:34 - [MESSAGE][PASSED] - Taking screenshot successfully&#xD;
[[ATTACHMENT|C:\\Users\\gquispe\\Katalon Studio\\DummyLoginWebsite\\Reports\\TestAddNewUser\\20190903_200657\\1567552054481.png]]&#xD;
&#xD;
2019-09-03 20:07:34 - [MESSAGE][PASSED] - Object 'Object Repository/Page_Users/button_add_new' is visible&#xD;
&#xD;
2019-09-03 20:07:34 - [MESSAGE][PASSED] - Taking screenshot successfully&#xD;
[[ATTACHMENT|C:\\Users\\gquispe\\Katalon Studio\\DummyLoginWebsite\\Reports\\TestAddNewUser\\20190903_200657\\1567552054677.png]]&#xD;
&#xD;
2019-09-03 20:07:34 - [MESSAGE][PASSED] - Object 'Object Repository/Page_Users/button_add_new' is clickable&#xD;
&#xD;
2019-09-03 20:07:35 - [MESSAGE][PASSED] - Object: 'Object Repository/Page_Users/button_add_new' is clicked on&#xD;
&#xD;
2019-09-03 20:07:35 - [MESSAGE][PASSED] - website.UsersPage.clickAddButton is PASSED&#xD;
&#xD;
2019-09-03 20:07:35 - [TEST_STEP][PASSED] - website.AddUserPage.enterData(employee, newUsername, role, supervisor, adminRole, status, newPassword, confirmPassword): website.AddUserPage.enterData is PASSED&#xD;
&#xD;
2019-09-03 20:07:37 - [MESSAGE][PASSED] - Object 'Object Repository/Page_NewUsers/input_username' is visible&#xD;
&#xD;
2019-09-03 20:07:37 - [MESSAGE][PASSED] - Taking screenshot successfully&#xD;
[[ATTACHMENT|C:\\Users\\gquispe\\Katalon Studio\\DummyLoginWebsite\\Reports\\TestAddNewUser\\20190903_200657\\1567552057007.png]]&#xD;
&#xD;
2019-09-03 20:07:37 - [MESSAGE][PASSED] - Text 'Greg Fisher' is set on object 'Object Repository/Page_NewUsers/input_empoyee'&#xD;
&#xD;
2019-09-03 20:07:38 - [MESSAGE][PASSED] - Text 'TestGreg00' is set on object 'Object Repository/Page_NewUsers/input_username'&#xD;
&#xD;
2019-09-03 20:07:38 - [MESSAGE][PASSED] - Text 'password123' is set on object 'Object Repository/Page_NewUsers/input_password'&#xD;
&#xD;
2019-09-03 20:07:40 - [MESSAGE][PASSED] - Text 'password123' is set on object 'Object Repository/Page_NewUsers/input_confirmPassword'&#xD;
&#xD;
2019-09-03 20:07:40 - [MESSAGE][PASSED] - Object: 'Object Repository/Page_NewUsers/dropdown_role' is clicked on&#xD;
&#xD;
2019-09-03 20:07:41 - [MESSAGE][PASSED] - Object: '' is clicked on&#xD;
&#xD;
2019-09-03 20:07:41 - [MESSAGE][PASSED] - Object: 'Object Repository/Page_NewUsers/dropdown_supervisor' is clicked on&#xD;
&#xD;
2019-09-03 20:07:41 - [MESSAGE][PASSED] - Object: '' is clicked on&#xD;
&#xD;
2019-09-03 20:07:42 - [MESSAGE][PASSED] - Object: 'Object Repository/Page_NewUsers/dropdown_admin' is clicked on&#xD;
&#xD;
2019-09-03 20:07:42 - [MESSAGE][PASSED] - Object: '' is clicked on&#xD;
&#xD;
2019-09-03 20:07:42 - [MESSAGE][PASSED] - Object: 'Object Repository/Page_NewUsers/dropdown_status' is clicked on&#xD;
&#xD;
2019-09-03 20:07:43 - [MESSAGE][PASSED] - Object: '' is clicked on&#xD;
&#xD;
2019-09-03 20:07:43 - [MESSAGE][PASSED] - Taking screenshot successfully&#xD;
[[ATTACHMENT|C:\\Users\\gquispe\\Katalon Studio\\DummyLoginWebsite\\Reports\\TestAddNewUser\\20190903_200657\\1567552063072.png]]&#xD;
&#xD;
2019-09-03 20:07:43 - [MESSAGE][PASSED] - Object: 'Object Repository/Page_NewUsers/button_new_user' is clicked on&#xD;
&#xD;
2019-09-03 20:07:43 - [MESSAGE][PASSED] - website.AddUserPage.enterData is PASSED&#xD;
&#xD;
2019-09-03 20:07:43 - [TEST_STEP][PASSED] - website.UsersPage.verifyNewUserAdded(newUsername): website.UsersPage.verifyNewUserAdded is PASSED&#xD;
&#xD;
2019-09-03 20:07:43 - [MESSAGE][PASSED] - Taking screenshot successfully&#xD;
[[ATTACHMENT|C:\\Users\\gquispe\\Katalon Studio\\DummyLoginWebsite\\Reports\\TestAddNewUser\\20190903_200657\\1567552063745.png]]&#xD;
&#xD;
2019-09-03 20:07:45 - [MESSAGE][PASSED] - Object '' is visible&#xD;
&#xD;
2019-09-03 20:07:45 - [MESSAGE][PASSED] - Taking screenshot successfully&#xD;
[[ATTACHMENT|C:\\Users\\gquispe\\Katalon Studio\\DummyLoginWebsite\\Reports\\TestAddNewUser\\20190903_200657\\1567552065006.png]]&#xD;
&#xD;
2019-09-03 20:07:45 - [MESSAGE][PASSED] - website.UsersPage.verifyNewUserAdded is PASSED</system-out>
            <system-err></system-err>
        </testcase>
        <system-out>2019-09-03 20:06:59 - [TEST_SUITE][INCOMPLETE] - TestAddNewUser: null</system-out>
        <system-err>2019-09-03 20:06:59 - [TEST_SUITE][INCOMPLETE] - TestAddNewUser: null</system-err>
    </testsuite>
</testsuites>
